[debug] [2018-04-11T17:23:40.829Z] ----------------------------------------------------------------------
[debug] [2018-04-11T17:23:40.830Z] Command:       /Users/alecdown/.nvm/versions/node/v9.11.1/bin/node /Users/alecdown/.nvm/versions/node/v9.11.1/bin/firebase serve
[debug] [2018-04-11T17:23:40.831Z] CLI Version:   3.18.2
[debug] [2018-04-11T17:23:40.831Z] Platform:      darwin
[debug] [2018-04-11T17:23:40.831Z] Node Version:  v9.11.1
[debug] [2018-04-11T17:23:40.831Z] Time:          Wed Apr 11 2018 11:23:40 GMT-0600 (MDT)
[debug] [2018-04-11T17:23:40.831Z] ----------------------------------------------------------------------
[debug] 
[debug] [2018-04-11T17:23:40.845Z] > command requires scopes: ["email","openid","https://www.googleapis.com/auth/cloudplatformprojects.readonly","https://www.googleapis.com/auth/firebase","https://www.googleapis.com/auth/cloud-platform"]
[debug] [2018-04-11T17:23:40.845Z] > authorizing via signed-in user
[debug] [2018-04-11T17:23:40.847Z] >>> HTTP REQUEST GET https://admin.firebase.com/v1/projects/coffee-5b1b1  
  
 Wed Apr 11 2018 11:23:40 GMT-0600 (MDT)
[debug] [2018-04-11T17:23:41.296Z] <<< HTTP RESPONSE 200
[debug] [2018-04-11T17:23:41.297Z] >>> HTTP REQUEST GET https://admin.firebase.com/v1/database/coffee-5b1b1/tokens  
  
 Wed Apr 11 2018 11:23:41 GMT-0600 (MDT)
[debug] [2018-04-11T17:23:51.798Z] <<< HTTP RESPONSE 200
[debug] [2018-04-11T17:23:51.801Z] >>> HTTP REQUEST GET https://cloudresourcemanager.googleapis.com/v1/projects/coffee-5b1b1  
  
 Wed Apr 11 2018 11:23:51 GMT-0600 (MDT)
[debug] [2018-04-11T17:23:52.244Z] <<< HTTP RESPONSE 200
[info] 
[info] === Serving from '/Users/alecdown/Documents/Coding/coffee'...
[info] 
[info] i  functions: Preparing to emulate functions.
[debug] [2018-04-11T17:23:53.129Z] Fetching environment
[debug] [2018-04-11T17:23:53.133Z] >>> HTTP REQUEST GET https://mobilesdk-pa.googleapis.com/v1/projects/60856368857:getServerAppConfig  
  
 Wed Apr 11 2018 11:23:53 GMT-0600 (MDT)
[debug] [2018-04-11T17:23:53.134Z] >>> HTTP REQUEST GET https://mobilesdk-pa.googleapis.com/v1/projects/60856368857/clients/_:getWebAppConfig  
  
 Wed Apr 11 2018 11:23:53 GMT-0600 (MDT)
[debug] [2018-04-11T17:23:53.452Z] <<< HTTP RESPONSE 200
[debug] [2018-04-11T17:23:53.452Z] Starting @google-cloud/functions-emulator
[debug] [2018-04-11T17:23:53.473Z] <<< HTTP RESPONSE 200
[info] i  hosting: Serving hosting files from: public
[info] ✔  hosting: Local server: http://localhost:5000

[debug] [2018-04-11T17:23:55.509Z] Parsing function triggers
